{"C:\\Data\\Code\\Express\\ECommerce-ExpressJs-Solution-main\\Express\\app.js": {"path":"C:\\Data\\Code\\Express\\ECommerce-ExpressJs-Solution-main\\Express\\app.js","statementMap":{"0":{"start":{"line":2,"column":16},"end":{"line":2,"column":34}},"1":{"start":{"line":3,"column":13},"end":{"line":3,"column":28}},"2":{"start":{"line":4,"column":19},"end":{"line":4,"column":41}},"3":{"start":{"line":5,"column":12},"end":{"line":5,"column":21}},"4":{"start":{"line":11,"column":4},"end":{"line":11,"column":20}},"5":{"start":{"line":12,"column":4},"end":{"line":12,"column":23}},"6":{"start":{"line":16,"column":20},"end":{"line":21,"column":5}},"7":{"start":{"line":22,"column":4},"end":{"line":22,"column":29}},"8":{"start":{"line":23,"column":4},"end":{"line":23,"column":19}},"9":{"start":{"line":27,"column":4},"end":{"line":27,"column":22}},"10":{"start":{"line":31,"column":4},"end":{"line":31,"column":61}},"11":{"start":{"line":31,"column":35},"end":{"line":31,"column":59}},"12":{"start":{"line":35,"column":17},"end":{"line":35,"column":33}},"13":{"start":{"line":36,"column":4},"end":{"line":40,"column":5}},"14":{"start":{"line":37,"column":6},"end":{"line":37,"column":25}},"15":{"start":{"line":38,"column":6},"end":{"line":38,"column":29}},"16":{"start":{"line":39,"column":6},"end":{"line":39,"column":18}},"17":{"start":{"line":41,"column":4},"end":{"line":41,"column":16}},"18":{"start":{"line":45,"column":18},"end":{"line":45,"column":72}},"19":{"start":{"line":45,"column":47},"end":{"line":45,"column":71}},"20":{"start":{"line":46,"column":4},"end":{"line":49,"column":5}},"21":{"start":{"line":47,"column":6},"end":{"line":47,"column":34}},"22":{"start":{"line":48,"column":6},"end":{"line":48,"column":18}},"23":{"start":{"line":50,"column":4},"end":{"line":50,"column":17}},"24":{"start":{"line":54,"column":18},"end":{"line":54,"column":28}},"25":{"start":{"line":57,"column":0},"end":{"line":57,"column":30}},"26":{"start":{"line":58,"column":0},"end":{"line":58,"column":48}},"27":{"start":{"line":61,"column":0},"end":{"line":61,"column":56}},"28":{"start":{"line":64,"column":0},"end":{"line":64,"column":52}},"29":{"start":{"line":67,"column":0},"end":{"line":70,"column":3}},"30":{"start":{"line":68,"column":16},"end":{"line":68,"column":34}},"31":{"start":{"line":69,"column":2},"end":{"line":69,"column":33}},"32":{"start":{"line":73,"column":0},"end":{"line":80,"column":3}},"33":{"start":{"line":74,"column":15},"end":{"line":74,"column":47}},"34":{"start":{"line":75,"column":2},"end":{"line":79,"column":3}},"35":{"start":{"line":76,"column":4},"end":{"line":76,"column":33}},"36":{"start":{"line":78,"column":4},"end":{"line":78,"column":43}},"37":{"start":{"line":83,"column":0},"end":{"line":85,"column":3}},"38":{"start":{"line":84,"column":2},"end":{"line":84,"column":23}},"39":{"start":{"line":88,"column":0},"end":{"line":92,"column":3}},"40":{"start":{"line":89,"column":29},"end":{"line":89,"column":37}},"41":{"start":{"line":90,"column":2},"end":{"line":90,"column":35}},"42":{"start":{"line":91,"column":2},"end":{"line":91,"column":20}},"43":{"start":{"line":95,"column":0},"end":{"line":102,"column":3}},"44":{"start":{"line":96,"column":15},"end":{"line":96,"column":47}},"45":{"start":{"line":97,"column":2},"end":{"line":101,"column":3}},"46":{"start":{"line":98,"column":4},"end":{"line":98,"column":33}},"47":{"start":{"line":100,"column":4},"end":{"line":100,"column":43}},"48":{"start":{"line":105,"column":0},"end":{"line":113,"column":3}},"49":{"start":{"line":106,"column":29},"end":{"line":106,"column":37}},"50":{"start":{"line":107,"column":15},"end":{"line":107,"column":62}},"51":{"start":{"line":108,"column":2},"end":{"line":112,"column":3}},"52":{"start":{"line":109,"column":4},"end":{"line":109,"column":37}},"53":{"start":{"line":111,"column":4},"end":{"line":111,"column":43}},"54":{"start":{"line":116,"column":0},"end":{"line":123,"column":3}},"55":{"start":{"line":117,"column":18},"end":{"line":117,"column":49}},"56":{"start":{"line":118,"column":2},"end":{"line":122,"column":3}},"57":{"start":{"line":119,"column":4},"end":{"line":119,"column":22}},"58":{"start":{"line":121,"column":4},"end":{"line":121,"column":43}},"59":{"start":{"line":125,"column":0},"end":{"line":125,"column":21}}},"fnMap":{"0":{"name":"(anonymous_0)","decl":{"start":{"line":9,"column":2},"end":{"line":9,"column":3}},"loc":{"start":{"line":9,"column":16},"end":{"line":13,"column":3}},"line":9},"1":{"name":"(anonymous_1)","decl":{"start":{"line":15,"column":2},"end":{"line":15,"column":3}},"loc":{"start":{"line":15,"column":25},"end":{"line":24,"column":3}},"line":15},"2":{"name":"(anonymous_2)","decl":{"start":{"line":26,"column":2},"end":{"line":26,"column":3}},"loc":{"start":{"line":26,"column":11},"end":{"line":28,"column":3}},"line":26},"3":{"name":"(anonymous_3)","decl":{"start":{"line":30,"column":2},"end":{"line":30,"column":3}},"loc":{"start":{"line":30,"column":14},"end":{"line":32,"column":3}},"line":30},"4":{"name":"(anonymous_4)","decl":{"start":{"line":31,"column":27},"end":{"line":31,"column":28}},"loc":{"start":{"line":31,"column":35},"end":{"line":31,"column":59}},"line":31},"5":{"name":"(anonymous_5)","decl":{"start":{"line":34,"column":2},"end":{"line":34,"column":3}},"loc":{"start":{"line":34,"column":29},"end":{"line":42,"column":3}},"line":34},"6":{"name":"(anonymous_6)","decl":{"start":{"line":44,"column":2},"end":{"line":44,"column":3}},"loc":{"start":{"line":44,"column":13},"end":{"line":51,"column":3}},"line":44},"7":{"name":"(anonymous_7)","decl":{"start":{"line":45,"column":39},"end":{"line":45,"column":40}},"loc":{"start":{"line":45,"column":47},"end":{"line":45,"column":71}},"line":45},"8":{"name":"(anonymous_8)","decl":{"start":{"line":67,"column":13},"end":{"line":67,"column":14}},"loc":{"start":{"line":67,"column":27},"end":{"line":70,"column":1}},"line":67},"9":{"name":"(anonymous_9)","decl":{"start":{"line":73,"column":21},"end":{"line":73,"column":22}},"loc":{"start":{"line":73,"column":35},"end":{"line":80,"column":1}},"line":73},"10":{"name":"(anonymous_10)","decl":{"start":{"line":83,"column":19},"end":{"line":83,"column":20}},"loc":{"start":{"line":83,"column":33},"end":{"line":85,"column":1}},"line":83},"11":{"name":"(anonymous_11)","decl":{"start":{"line":88,"column":20},"end":{"line":88,"column":21}},"loc":{"start":{"line":88,"column":34},"end":{"line":92,"column":1}},"line":88},"12":{"name":"(anonymous_12)","decl":{"start":{"line":95,"column":21},"end":{"line":95,"column":22}},"loc":{"start":{"line":95,"column":35},"end":{"line":102,"column":1}},"line":95},"13":{"name":"(anonymous_13)","decl":{"start":{"line":105,"column":22},"end":{"line":105,"column":23}},"loc":{"start":{"line":105,"column":36},"end":{"line":113,"column":1}},"line":105},"14":{"name":"(anonymous_14)","decl":{"start":{"line":116,"column":23},"end":{"line":116,"column":24}},"loc":{"start":{"line":116,"column":37},"end":{"line":123,"column":1}},"line":116}},"branchMap":{"0":{"loc":{"start":{"line":36,"column":4},"end":{"line":40,"column":5}},"type":"if","locations":[{"start":{"line":36,"column":4},"end":{"line":40,"column":5}},{"start":{},"end":{}}],"line":36},"1":{"loc":{"start":{"line":46,"column":4},"end":{"line":49,"column":5}},"type":"if","locations":[{"start":{"line":46,"column":4},"end":{"line":49,"column":5}},{"start":{},"end":{}}],"line":46},"2":{"loc":{"start":{"line":75,"column":2},"end":{"line":79,"column":3}},"type":"if","locations":[{"start":{"line":75,"column":2},"end":{"line":79,"column":3}},{"start":{"line":77,"column":9},"end":{"line":79,"column":3}}],"line":75},"3":{"loc":{"start":{"line":97,"column":2},"end":{"line":101,"column":3}},"type":"if","locations":[{"start":{"line":97,"column":2},"end":{"line":101,"column":3}},{"start":{"line":99,"column":9},"end":{"line":101,"column":3}}],"line":97},"4":{"loc":{"start":{"line":108,"column":2},"end":{"line":112,"column":3}},"type":"if","locations":[{"start":{"line":108,"column":2},"end":{"line":112,"column":3}},{"start":{"line":110,"column":9},"end":{"line":112,"column":3}}],"line":108},"5":{"loc":{"start":{"line":118,"column":2},"end":{"line":122,"column":3}},"type":"if","locations":[{"start":{"line":118,"column":2},"end":{"line":122,"column":3}},{"start":{"line":120,"column":9},"end":{"line":122,"column":3}}],"line":118}},"s":{"0":1,"1":1,"2":1,"3":1,"4":1,"5":1,"6":5,"7":5,"8":5,"9":1,"10":5,"11":11,"12":1,"13":1,"14":1,"15":1,"16":1,"17":0,"18":2,"19":5,"20":2,"21":1,"22":1,"23":1,"24":1,"25":1,"26":1,"27":1,"28":1,"29":1,"30":1,"31":1,"32":1,"33":2,"34":2,"35":1,"36":1,"37":1,"38":1,"39":1,"40":5,"41":5,"42":5,"43":1,"44":2,"45":2,"46":1,"47":1,"48":1,"49":1,"50":1,"51":1,"52":1,"53":0,"54":1,"55":2,"56":2,"57":1,"58":1,"59":1},"f":{"0":1,"1":5,"2":1,"3":5,"4":11,"5":1,"6":2,"7":5,"8":1,"9":2,"10":1,"11":5,"12":2,"13":1,"14":2},"b":{"0":[1,0],"1":[1,1],"2":[1,1],"3":[1,1],"4":[1,0],"5":[1,1]},"_coverageSchema":"1a1c01bbd47fc00a2c39e90264f33305004495a9","hash":"5e5045d3a0a0af2187b2ea406cbdf1b65558f066"}
}
