TN:
SF:app.js
FN:9,(anonymous_0)
FN:15,(anonymous_1)
FN:26,(anonymous_2)
FN:30,(anonymous_3)
FN:31,(anonymous_4)
FN:34,(anonymous_5)
FN:44,(anonymous_6)
FN:45,(anonymous_7)
FN:67,(anonymous_8)
FN:73,(anonymous_9)
FN:83,(anonymous_10)
FN:88,(anonymous_11)
FN:95,(anonymous_12)
FN:105,(anonymous_13)
FN:116,(anonymous_14)
FNF:15
FNH:15
FNDA:1,(anonymous_0)
FNDA:5,(anonymous_1)
FNDA:1,(anonymous_2)
FNDA:5,(anonymous_3)
FNDA:11,(anonymous_4)
FNDA:1,(anonymous_5)
FNDA:2,(anonymous_6)
FNDA:5,(anonymous_7)
FNDA:1,(anonymous_8)
FNDA:2,(anonymous_9)
FNDA:1,(anonymous_10)
FNDA:5,(anonymous_11)
FNDA:2,(anonymous_12)
FNDA:1,(anonymous_13)
FNDA:2,(anonymous_14)
DA:2,1
DA:3,1
DA:4,1
DA:5,1
DA:11,1
DA:12,1
DA:16,5
DA:22,5
DA:23,5
DA:27,1
DA:31,11
DA:35,1
DA:36,1
DA:37,1
DA:38,1
DA:39,1
DA:41,0
DA:45,5
DA:46,2
DA:47,1
DA:48,1
DA:50,1
DA:54,1
DA:57,1
DA:58,1
DA:61,1
DA:64,1
DA:67,1
DA:68,1
DA:69,1
DA:73,1
DA:74,2
DA:75,2
DA:76,1
DA:78,1
DA:83,1
DA:84,1
DA:88,1
DA:89,5
DA:90,5
DA:91,5
DA:95,1
DA:96,2
DA:97,2
DA:98,1
DA:100,1
DA:105,1
DA:106,1
DA:107,1
DA:108,1
DA:109,1
DA:111,0
DA:116,1
DA:117,2
DA:118,2
DA:119,1
DA:121,1
DA:125,1
LF:58
LH:56
BRDA:36,0,0,1
BRDA:36,0,1,0
BRDA:46,1,0,1
BRDA:46,1,1,1
BRDA:75,2,0,1
BRDA:75,2,1,1
BRDA:97,3,0,1
BRDA:97,3,1,1
BRDA:108,4,0,1
BRDA:108,4,1,0
BRDA:118,5,0,1
BRDA:118,5,1,1
BRF:12
BRH:10
end_of_record
